Traceback (most recent call last):
  File "c:\users\dudas\anaconda3\envs\wintest\lib\site-packages\jupyter_cache\executors\utils.py", line 56, in single_nb_execution
    record_timing=False,
  File "c:\users\dudas\anaconda3\envs\wintest\lib\site-packages\nbclient\client.py", line 1112, in execute
    return NotebookClient(nb=nb, resources=resources, km=km, **kwargs).execute()
  File "c:\users\dudas\anaconda3\envs\wintest\lib\site-packages\nbclient\util.py", line 74, in wrapped
    return just_run(coro(*args, **kwargs))
  File "c:\users\dudas\anaconda3\envs\wintest\lib\site-packages\nbclient\util.py", line 53, in just_run
    return loop.run_until_complete(coro)
  File "c:\users\dudas\anaconda3\envs\wintest\lib\asyncio\base_events.py", line 587, in run_until_complete
    return future.result()
  File "c:\users\dudas\anaconda3\envs\wintest\lib\site-packages\nbclient\client.py", line 554, in async_execute
    cell, index, execution_count=self.code_cells_executed + 1
  File "c:\users\dudas\anaconda3\envs\wintest\lib\site-packages\nbclient\client.py", line 857, in async_execute_cell
    self._check_raise_for_error(cell, exec_reply)
  File "c:\users\dudas\anaconda3\envs\wintest\lib\site-packages\nbclient\client.py", line 760, in _check_raise_for_error
    raise CellExecutionError.from_cell_and_msg(cell, exec_reply_content)
nbclient.exceptions.CellExecutionError: An error occurred while executing the following cell:
------------------
topic_words = {}
n_top_words = 10
for topic, comp in enumerate(lda.components_):
    # for the n-dimensional array "arr":
    # argsort() returns a ranked n-dimensional array of arr, call it "ranked_array"
    # which contains the indices that would sort arr in a descending fashion
    # for the ith element in ranked_array, ranked_array[i] represents the index of the
    # element in arr that should be at the ith index in ranked_array
    # ex. arr = [3,7,1,0,3,6]
    # np.argsort(arr) -> [3, 2, 0, 4, 5, 1]
    # word_idx contains the indices in "topic" of the top num_top_words most relevant
    # to a given topic ... it is sorted ascending to begin with and then reversed (desc. now)    
    word_idx = np.argsort(comp)[::-1][:n_top_words]

    # store the words most relevant to the topic
    topic_words[topic] = [vocab[i] for i in word_idx]
    
for topic, words in topic_words.items():
    print('Topic: %d' % topic)
    print('  %s' % ', '.join(words))
------------------

[1;31m---------------------------------------------------------------------------[0m
[1;31mNameError[0m                                 Traceback (most recent call last)
[1;32m<ipython-input-10-d3cfc9b43b7a>[0m in [0;36m<module>[1;34m[0m
[0;32m     11[0m     [1;31m# word_idx contains the indices in "topic" of the top num_top_words most relevant[0m[1;33m[0m[1;33m[0m[1;33m[0m[0m
[0;32m     12[0m     [1;31m# to a given topic ... it is sorted ascending to begin with and then reversed (desc. now)[0m[1;33m[0m[1;33m[0m[1;33m[0m[0m
[1;32m---> 13[1;33m     [0mword_idx[0m [1;33m=[0m [0mnp[0m[1;33m.[0m[0margsort[0m[1;33m([0m[0mcomp[0m[1;33m)[0m[1;33m[[0m[1;33m:[0m[1;33m:[0m[1;33m-[0m[1;36m1[0m[1;33m][0m[1;33m[[0m[1;33m:[0m[0mn_top_words[0m[1;33m][0m[1;33m[0m[1;33m[0m[0m
[0m[0;32m     14[0m [1;33m[0m[0m
[0;32m     15[0m     [1;31m# store the words most relevant to the topic[0m[1;33m[0m[1;33m[0m[1;33m[0m[0m

[1;31mNameError[0m: name 'np' is not defined
NameError: name 'np' is not defined

